<?xml version="1.0" encoding="UTF-8"?>
<testsuite xmlns:xsi="http://www.w3.org/2001/XMLSchema-instance" xsi:noNamespaceSchemaLocation="https://maven.apache.org/surefire/maven-surefire-plugin/xsd/surefire-test-report-3.0.xsd" version="3.0" name="br.com.qa.dogapi.DogApiTests$BreedImagesTests" time="0.636" tests="2" errors="0" skipped="0" failures="0">
  <properties>
[...]
</properties>
  <testcase name="shouldReturnErrorForInvalidBreed" classname="br.com.qa.dogapi.DogApiTests$BreedImagesTests" time="0.292">
    <system-out><![CDATA[HTTP/1.1 404 Not Found
Date: Thu, 13 Nov 2025 18:32:13 GMT
Content-Type: application/json
Transfer-Encoding: chunked
Connection: keep-alive
Server: cloudflare
X-Powered-By: PHP/8.3.19
Access-Control-Allow-Origin: *
Via: 1.1 varnish (Varnish/6.3), 1.1 varnish (Varnish/6.3)
Cache-Control: max-age=1800
X-Cache-Age: 1355
X-Cache-Hits: 4
X-Cache: HIT
Age: 0
Vary: 
Nel: {"report_to":"cf-nel","success_fraction":0.0,"max_age":604800}
cf-cache-status: DYNAMIC
Speculation-Rules: "/cdn-cgi/speculation"
Report-To: {"group":"cf-nel","max_age":604800,"endpoints":[{"url":"https://a.nel.cloudflare.com/report/v4?s=cT1p4qJ6uZgLWVRP%2BM%2BJaVLyD5fXAjJlXx6fXnFfXhJLUqAPYZlLIlmq2oVmaFwXuuL4Q8kKKIPhiTHhkP9afrja7NgJV3k%3D"}]}
Content-Encoding: gzip
CF-RAY: 99e059b91ebec02b-GRU
alt-svc: h3=":443"; ma=86400

{
    "status": "error",
    "message": "Breed not found (main breed does not exist)",
    "code": 404
}
]]></system-out>
  </testcase>
  <testcase name="shouldReturnImagesForValidBreed" classname="br.com.qa.dogapi.DogApiTests$BreedImagesTests" time="0.343"/>
</testsuite>